{
  "RSpec": {
    "coverage": {
      "/home/eggum/AptanaWorkspace/Madison-Student-Apartment-Finder/app/helpers/application_helper.rb": [
        1,
        null,
        1,
        128,
        128,
        0,
        null,
        128,
        null,
        null,
        null,
        1,
        12,
        12,
        12,
        12,
        null,
        null,
        null,
        null,
        1,
        0,
        0,
        0,
        0,
        null,
        null,
        null,
        null,
        null,
        null,
        null,
        null,
        1,
        null,
        null
      ],
      "/home/eggum/AptanaWorkspace/Madison-Student-Apartment-Finder/app/helpers/home_helper.rb": [
        1,
        null
      ],
      "/home/eggum/AptanaWorkspace/Madison-Student-Apartment-Finder/app/helpers/landlords_helper.rb": [
        1,
        null
      ],
      "/home/eggum/AptanaWorkspace/Madison-Student-Apartment-Finder/app/helpers/lists_helper.rb": [
        1,
        null,
        null,
        1,
        0,
        null,
        null,
        null,
        null,
        null,
        1,
        39,
        37,
        null,
        null,
        2,
        0,
        null,
        null,
        2,
        2,
        null,
        null,
        null,
        null,
        1,
        50,
        null,
        50,
        50,
        0,
        null,
        null,
        50,
        50,
        null,
        0,
        null,
        null,
        50,
        null,
        null,
        null,
        50,
        null,
        null,
        1,
        75,
        75,
        50,
        21,
        null,
        null,
        29,
        null,
        null,
        25,
        0,
        null,
        25,
        null,
        null,
        null,
        null,
        null,
        null,
        null,
        1,
        75,
        46,
        null,
        29,
        null,
        null,
        1,
        25,
        25,
        null,
        0,
        null,
        null,
        null,
        null,
        1,
        0,
        0,
        null,
        0,
        null,
        null,
        null,
        null,
        null,
        1,
        null
      ],
      "/home/eggum/AptanaWorkspace/Madison-Student-Apartment-Finder/app/helpers/password_resets_helper.rb": [
        1,
        null
      ],
      "/home/eggum/AptanaWorkspace/Madison-Student-Apartment-Finder/app/helpers/reviews_helper.rb": [
        1,
        null,
        null,
        1,
        2,
        0,
        null,
        null,
        2,
        2,
        null,
        null
      ],
      "/home/eggum/AptanaWorkspace/Madison-Student-Apartment-Finder/app/helpers/sessions_helper.rb": [
        1,
        null,
        1,
        31,
        0,
        0,
        null,
        31,
        31,
        null,
        null,
        null,
        null,
        1,
        3,
        3,
        null,
        null,
        1,
        34,
        null,
        null,
        null,
        1,
        595,
        null,
        null,
        1,
        15,
        null,
        null,
        1,
        489,
        null,
        null,
        1,
        7,
        null,
        null,
        1,
        24,
        null,
        null,
        1,
        5,
        5,
        null,
        null,
        1,
        8,
        8,
        null,
        null,
        1,
        null,
        1,
        0,
        null,
        null,
        1,
        0,
        null,
        null,
        1,
        5,
        null,
        null,
        1,
        8,
        null,
        null
      ],
      "/home/eggum/AptanaWorkspace/Madison-Student-Apartment-Finder/app/helpers/users_helper.rb": [
        1,
        null
      ],
      "/home/eggum/AptanaWorkspace/Madison-Student-Apartment-Finder/app/uploaders/image_uploader.rb": [
        null,
        1,
        null,
        null,
        1,
        null,
        1,
        1,
        null,
        1,
        null,
        null,
        1,
        1,
        null,
        0,
        null,
        null,
        null,
        null,
        null,
        1,
        0,
        null,
        null,
        null,
        null,
        null,
        null,
        null,
        null,
        1,
        null,
        0,
        0,
        null,
        null,
        null,
        1,
        0,
        null,
        null,
        null,
        null,
        null,
        null,
        null,
        null,
        null,
        null,
        null,
        null,
        null,
        null,
        1,
        null,
        null,
        null,
        null,
        1,
        1,
        null,
        null,
        1,
        1,
        null,
        null,
        null,
        1,
        1,
        null,
        null,
        null,
        null,
        null,
        null,
        null,
        null,
        null,
        null,
        null,
        null,
        null,
        null,
        null,
        null,
        null
      ],
      "/home/eggum/AptanaWorkspace/Madison-Student-Apartment-Finder/app/mailers/user_mailer.rb": [
        1,
        1,
        null,
        null,
        null,
        null,
        null,
        null,
        1,
        0,
        0,
        null,
        null
      ],
      "/home/eggum/AptanaWorkspace/Madison-Student-Apartment-Finder/app/models/landlord.rb": [
        null,
        null,
        null,
        null,
        null,
        null,
        null,
        null,
        null,
        null,
        null,
        null,
        null,
        null,
        null,
        1,
        1,
        1,
        null,
        1,
        1,
        1,
        null,
        null,
        1,
        1,
        null,
        1,
        null,
        null,
        null,
        null,
        1,
        null,
        1,
        1,
        null,
        1,
        null,
        null,
        1,
        null,
        null,
        null,
        1,
        1,
        37,
        null,
        null,
        1,
        11,
        11,
        5,
        null,
        6,
        null,
        null,
        null,
        null,
        null,
        null,
        null,
        null,
        1,
        29,
        null,
        null,
        null
      ],
      "/home/eggum/AptanaWorkspace/Madison-Student-Apartment-Finder/app/models/list.rb": [
        null,
        null,
        null,
        null,
        null,
        null,
        null,
        null,
        null,
        null,
        null,
        null,
        null,
        null,
        null,
        null,
        null,
        null,
        null,
        null,
        null,
        null,
        null,
        null,
        null,
        null,
        null,
        null,
        null,
        null,
        null,
        null,
        null,
        1,
        1,
        1,
        1,
        1,
        1,
        1,
        null,
        1,
        null,
        null,
        null,
        null,
        null,
        1,
        null,
        null,
        null,
        null,
        null,
        null,
        null,
        null,
        null,
        1,
        null,
        1,
        null,
        null,
        null,
        null,
        null,
        null,
        null,
        null,
        1,
        null,
        null,
        1,
        null,
        null,
        1,
        null,
        1,
        null,
        null,
        1,
        null,
        null,
        1,
        null,
        null,
        1,
        null,
        1,
        1,
        null,
        null,
        null,
        null,
        1,
        1,
        null,
        null,
        null,
        null,
        1,
        null,
        null,
        null,
        null,
        null,
        null,
        null,
        1,
        1,
        null,
        null,
        null,
        1,
        null,
        null,
        null,
        null,
        null,
        null,
        1,
        224,
        224,
        224,
        224,
        224,
        224,
        224,
        224,
        224,
        224,
        224,
        224,
        224,
        null,
        null,
        null,
        1,
        1,
        1,
        1,
        null,
        null,
        null,
        null,
        null,
        null,
        null,
        null,
        null,
        null,
        null,
        null,
        null,
        null,
        null,
        null,
        null,
        null,
        null,
        null,
        null,
        null,
        null,
        1,
        6,
        null,
        6,
        null,
        null,
        0,
        null,
        null,
        null,
        null,
        null,
        null,
        1,
        4,
        1,
        null,
        3,
        null,
        3,
        3,
        3,
        null,
        null,
        3,
        1,
        null,
        null,
        2,
        null,
        20,
        40,
        1,
        null,
        null,
        1,
        null,
        null,
        null,
        null,
        null,
        1,
        null,
        null,
        1,
        9,
        0,
        null,
        null,
        9,
        9,
        9,
        null,
        9,
        11,
        0,
        0,
        null,
        null,
        11,
        11,
        11,
        null,
        9,
        null,
        null,
        null,
        1,
        4,
        1,
        null,
        3,
        null,
        null,
        null,
        null,
        1,
        917,
        null,
        null,
        1,
        131,
        null,
        null,
        1,
        131,
        null,
        null,
        null,
        null
      ],
      "/home/eggum/AptanaWorkspace/Madison-Student-Apartment-Finder/lib/file_size_validator.rb": [
        null,
        null,
        null,
        1,
        1,
        1,
        null,
        1,
        1,
        null,
        1,
        1,
        0,
        0,
        0,
        null,
        null,
        1,
        null,
        null,
        1,
        1,
        null,
        1,
        0,
        null,
        null,
        1,
        1,
        null,
        1,
        0,
        null,
        null,
        null,
        null,
        1,
        131,
        null,
        131,
        null,
        131,
        393,
        null,
        131,
        null,
        131,
        131,
        null,
        0,
        0,
        null,
        0,
        0,
        null,
        0,
        null,
        null,
        null,
        1,
        0,
        null,
        null,
        1,
        1,
        1,
        null,
        null
      ],
      "/home/eggum/AptanaWorkspace/Madison-Student-Apartment-Finder/app/models/review.rb": [
        null,
        null,
        null,
        null,
        null,
        null,
        null,
        null,
        null,
        null,
        null,
        null,
        null,
        null,
        null,
        1,
        1,
        1,
        1,
        1,
        null,
        null,
        null,
        null,
        1,
        1,
        1,
        1,
        null,
        1,
        31,
        31,
        31,
        null,
        null,
        1,
        null,
        1,
        4,
        1,
        null,
        3,
        null,
        null,
        null,
        null,
        null
      ],
      "/home/eggum/AptanaWorkspace/Madison-Student-Apartment-Finder/app/models/user.rb": [
        null,
        null,
        null,
        null,
        null,
        null,
        null,
        null,
        null,
        null,
        null,
        null,
        null,
        null,
        null,
        null,
        null,
        1,
        1,
        1,
        null,
        1,
        1,
        null,
        null,
        1,
        null,
        1,
        null,
        1,
        null,
        null,
        null,
        null,
        1,
        null,
        null,
        null,
        1,
        95,
        null,
        null,
        1,
        null,
        94,
        94,
        null,
        null,
        1,
        0,
        0,
        null,
        0,
        null,
        null,
        null,
        null,
        1,
        111,
        null,
        null,
        1,
        null,
        16,
        16,
        10,
        null,
        null,
        1,
        0,
        0,
        null,
        null,
        1,
        4,
        1,
        null,
        3,
        null,
        null,
        null,
        null,
        1,
        null,
        1,
        99,
        99,
        null,
        null,
        1,
        210,
        null,
        null,
        1,
        94,
        null,
        null,
        1,
        304,
        null,
        null,
        null,
        null,
        null
      ],
      "/home/eggum/AptanaWorkspace/Madison-Student-Apartment-Finder/app/controllers/application_controller.rb": [
        1,
        1,
        null,
        1,
        1,
        null
      ],
      "/home/eggum/AptanaWorkspace/Madison-Student-Apartment-Finder/app/controllers/home_controller.rb": [
        1,
        1,
        12,
        12,
        12,
        12,
        null,
        null,
        1,
        3,
        3,
        3,
        3,
        null,
        null,
        null,
        null
      ],
      "/home/eggum/AptanaWorkspace/Madison-Student-Apartment-Finder/app/controllers/landlords_controller.rb": [
        1,
        null,
        1,
        2,
        2,
        2,
        null,
        null,
        1,
        4,
        4,
        null,
        null,
        1,
        6,
        6,
        6,
        null,
        null,
        null,
        1,
        5,
        5,
        2,
        2,
        null,
        null,
        3,
        3,
        null,
        null,
        null,
        null,
        null,
        null,
        null,
        1,
        1,
        6,
        6,
        null,
        null
      ],
      "/home/eggum/AptanaWorkspace/Madison-Student-Apartment-Finder/app/controllers/lists_controller.rb": [
        1,
        1,
        null,
        null,
        1,
        6,
        null,
        6,
        6,
        4,
        4,
        null,
        null,
        6,
        null,
        6,
        6,
        null,
        null,
        6,
        6,
        6,
        6,
        null,
        null,
        null,
        null,
        null,
        1,
        25,
        25,
        25,
        25,
        null,
        25,
        null,
        25,
        25,
        null,
        25,
        25,
        25,
        null,
        null,
        null,
        null,
        null,
        null,
        null,
        1,
        11,
        11,
        null,
        11,
        11,
        11,
        null,
        null,
        null,
        null,
        1,
        10,
        10,
        null,
        null,
        null,
        null,
        1,
        5,
        5,
        null,
        5,
        5,
        0,
        0,
        0,
        null,
        5,
        null,
        5,
        5,
        5,
        0,
        0,
        null,
        5,
        10,
        5,
        null,
        null,
        null,
        null,
        null,
        null,
        null,
        null,
        null,
        1,
        4,
        4,
        null,
        null,
        null,
        4,
        4,
        4,
        0,
        0,
        0,
        null,
        4,
        4,
        4,
        4,
        null,
        null,
        4,
        null,
        null,
        null,
        8,
        4,
        null,
        null,
        null,
        null,
        null,
        null,
        null,
        1,
        2,
        2,
        null,
        2,
        4,
        2,
        null,
        null,
        null,
        null,
        null,
        null,
        1,
        null,
        1,
        25,
        25,
        null,
        0,
        null,
        null,
        null,
        1,
        0,
        null,
        null,
        null
      ],
      "/home/eggum/AptanaWorkspace/Madison-Student-Apartment-Finder/app/controllers/password_resets_controller.rb": [
        1,
        1,
        null,
        null,
        1,
        0,
        0,
        0,
        null,
        null,
        1,
        0,
        null,
        null,
        1,
        0,
        0,
        0,
        0,
        0,
        null,
        0,
        null,
        null,
        null,
        null
      ],
      "/home/eggum/AptanaWorkspace/Madison-Student-Apartment-Finder/app/controllers/reviews_controller.rb": [
        1,
        1,
        1,
        null,
        1,
        0,
        null,
        1,
        0,
        null,
        null,
        1,
        null,
        null,
        null,
        null,
        1,
        null,
        6,
        null,
        6,
        6,
        null,
        null,
        null,
        6,
        3,
        null,
        null,
        3,
        null,
        3,
        3,
        null,
        null,
        null,
        null,
        null,
        null,
        null,
        null,
        null,
        null,
        null,
        null,
        null,
        null,
        null,
        null,
        null,
        null,
        null,
        null,
        null,
        null,
        null,
        null,
        null,
        1,
        0,
        0,
        0,
        0,
        null,
        null,
        null,
        1,
        null,
        1,
        0,
        0,
        0,
        null,
        null,
        0,
        null,
        null,
        null
      ],
      "/home/eggum/AptanaWorkspace/Madison-Student-Apartment-Finder/app/controllers/sessions_controller.rb": [
        1,
        1,
        10,
        null,
        null,
        1,
        13,
        null,
        null,
        13,
        5,
        5,
        5,
        null,
        8,
        2,
        2,
        null,
        6,
        6,
        null,
        null,
        null,
        null,
        1,
        3,
        3,
        null,
        null,
        null
      ],
      "/home/eggum/AptanaWorkspace/Madison-Student-Apartment-Finder/app/controllers/users_controller.rb": [
        1,
        1,
        1,
        1,
        null,
        1,
        null,
        1,
        4,
        4,
        null,
        null,
        1,
        3,
        3,
        null,
        null,
        1,
        8,
        8,
        8,
        8,
        null,
        null,
        1,
        4,
        4,
        4,
        4,
        null,
        null,
        4,
        4,
        4,
        null,
        null,
        null,
        null,
        null,
        null,
        null,
        null,
        null,
        null,
        null,
        null,
        null,
        1,
        7,
        7,
        4,
        4,
        4,
        null,
        3,
        3,
        null,
        null,
        null,
        1,
        3,
        null,
        null,
        1,
        4,
        4,
        2,
        2,
        null,
        2,
        2,
        null,
        null,
        null,
        1,
        2,
        2,
        2,
        null,
        null,
        1,
        null,
        1,
        15,
        15,
        null,
        null,
        1,
        3,
        null,
        null,
        1,
        28,
        null,
        null,
        1,
        12,
        null,
        null,
        null,
        null
      ]
    },
    "timestamp": 1336329478
  }
}
