{
  "RSpec": {
    "coverage": {
      "/home/eggum/AptanaWorkspace/Madison-Student-Apartment-Finder/app/helpers/application_helper.rb": [
        1,
        null,
        1,
        99,
        99,
        0,
        null,
        99,
        null,
        null,
        null,
        1,
        0,
        0,
        0,
        0,
        null,
        null,
        null,
        1,
        null,
        null
      ],
      "/home/eggum/AptanaWorkspace/Madison-Student-Apartment-Finder/app/helpers/home_helper.rb": [
        1,
        null
      ],
      "/home/eggum/AptanaWorkspace/Madison-Student-Apartment-Finder/app/helpers/lists_helper.rb": [
        1,
        null,
        null,
        null,
        1,
        22,
        0,
        null,
        22,
        null,
        null,
        null,
        null,
        null,
        null,
        1,
        36,
        36,
        null,
        null,
        0,
        0,
        null,
        null,
        0,
        0,
        null,
        null,
        null,
        null,
        null
      ],
      "/home/eggum/AptanaWorkspace/Madison-Student-Apartment-Finder/app/helpers/reviews_controller_helper.rb": [
        1,
        null
      ],
      "/home/eggum/AptanaWorkspace/Madison-Student-Apartment-Finder/app/helpers/sessions_helper.rb": [
        1,
        null,
        1,
        23,
        23,
        null,
        null,
        1,
        2,
        2,
        null,
        null,
        1,
        25,
        null,
        null,
        null,
        1,
        397,
        null,
        null,
        1,
        7,
        null,
        null,
        1,
        332,
        null,
        null,
        1,
        5,
        5,
        null,
        null,
        1,
        6,
        6,
        null,
        null,
        1,
        null,
        1,
        294,
        null,
        null,
        1,
        294,
        null,
        null,
        1,
        5,
        null,
        null,
        1,
        6,
        null,
        null
      ],
      "/home/eggum/AptanaWorkspace/Madison-Student-Apartment-Finder/app/helpers/users_helper.rb": [
        1,
        null
      ],
      "/home/eggum/AptanaWorkspace/Madison-Student-Apartment-Finder/app/models/list.rb": [
        null,
        null,
        null,
        null,
        null,
        null,
        null,
        null,
        null,
        null,
        null,
        null,
        null,
        null,
        null,
        null,
        null,
        null,
        null,
        null,
        null,
        null,
        null,
        null,
        null,
        null,
        null,
        null,
        null,
        null,
        1,
        null,
        null,
        null,
        null,
        null,
        1,
        null,
        null,
        null,
        null,
        null,
        null,
        null,
        null,
        1,
        null,
        null,
        null,
        null,
        1,
        null,
        null,
        1,
        null,
        null,
        1,
        null,
        null,
        1,
        null,
        1,
        null,
        null,
        null,
        1,
        1,
        160,
        160,
        160,
        160,
        160,
        160,
        160,
        160,
        160,
        160,
        160,
        160,
        160,
        null,
        null,
        null,
        null,
        null,
        null,
        null,
        null,
        null,
        null,
        null,
        null,
        null,
        null,
        null,
        null,
        1,
        1,
        null,
        1,
        1,
        null,
        null,
        null,
        null,
        null,
        null,
        null,
        null,
        null,
        null,
        null,
        null,
        null,
        null,
        null,
        null,
        null,
        null,
        null,
        null,
        null,
        null,
        null,
        1,
        2,
        null,
        2,
        null,
        null,
        0,
        null,
        null,
        null,
        null,
        null,
        null,
        1,
        0,
        0,
        null,
        0,
        null,
        0,
        0,
        0,
        null,
        null,
        0,
        0,
        null,
        null,
        0,
        null,
        0,
        0,
        0,
        null,
        null,
        0,
        null,
        null,
        null,
        null,
        null,
        0,
        null,
        null,
        1,
        9,
        0,
        null,
        null,
        9,
        9,
        11,
        0,
        null,
        11,
        11,
        null,
        9,
        null,
        null,
        1,
        0,
        0,
        null,
        0,
        null,
        null,
        null,
        null,
        null,
        null,
        null
      ],
      "/home/eggum/AptanaWorkspace/Madison-Student-Apartment-Finder/app/models/review.rb": [
        null,
        null,
        null,
        null,
        null,
        null,
        null,
        null,
        null,
        null,
        null,
        null,
        null,
        1,
        null
      ],
      "/home/eggum/AptanaWorkspace/Madison-Student-Apartment-Finder/app/models/user.rb": [
        null,
        null,
        null,
        null,
        null,
        null,
        null,
        null,
        null,
        null,
        null,
        null,
        null,
        null,
        1,
        1,
        1,
        null,
        null,
        1,
        null,
        1,
        null,
        1,
        null,
        null,
        null,
        null,
        1,
        null,
        null,
        null,
        1,
        null,
        null,
        1,
        64,
        null,
        null,
        1,
        null,
        14,
        14,
        8,
        null,
        null,
        1,
        294,
        294,
        null,
        null,
        1,
        0,
        0,
        null,
        0,
        null,
        null,
        null,
        null,
        1,
        null,
        1,
        54,
        54,
        null,
        null,
        1,
        118,
        null,
        null,
        1,
        51,
        null,
        null,
        1,
        169,
        null,
        null,
        null,
        null
      ],
      "/home/eggum/AptanaWorkspace/Madison-Student-Apartment-Finder/app/controllers/application_controller.rb": [
        1,
        1,
        null,
        1,
        1,
        null
      ],
      "/home/eggum/AptanaWorkspace/Madison-Student-Apartment-Finder/app/controllers/home_controller.rb": [
        1,
        1,
        7,
        7,
        7,
        7,
        null,
        null,
        1,
        3,
        3,
        3,
        3,
        null,
        null,
        null,
        null
      ],
      "/home/eggum/AptanaWorkspace/Madison-Student-Apartment-Finder/app/controllers/lists_controller.rb": [
        1,
        1,
        null,
        null,
        1,
        2,
        null,
        2,
        null,
        2,
        0,
        0,
        null,
        2,
        null,
        2,
        null,
        2,
        null,
        null,
        2,
        2,
        2,
        null,
        null,
        null,
        null,
        null,
        1,
        22,
        22,
        22,
        null,
        22,
        22,
        null,
        22,
        22,
        22,
        null,
        null,
        null,
        null,
        null,
        null,
        null,
        null,
        1,
        11,
        11,
        null,
        11,
        11,
        11,
        null,
        null,
        null,
        null,
        1,
        10,
        10,
        null,
        null,
        null,
        null,
        null,
        null,
        null,
        null,
        null,
        1,
        5,
        5,
        5,
        5,
        0,
        0,
        0,
        null,
        5,
        null,
        5,
        5,
        5,
        0,
        0,
        null,
        5,
        10,
        5,
        null,
        null,
        null,
        null,
        null,
        null,
        null,
        null,
        null,
        1,
        4,
        4,
        null,
        null,
        null,
        null,
        null,
        4,
        null,
        4,
        4,
        0,
        0,
        0,
        null,
        4,
        4,
        4,
        4,
        0,
        0,
        null,
        4,
        8,
        4,
        null,
        null,
        null,
        null,
        null,
        null,
        null,
        null,
        null,
        1,
        2,
        2,
        null,
        2,
        4,
        2,
        null,
        null,
        null,
        null,
        null,
        null,
        1,
        null,
        null,
        null
      ],
      "/home/eggum/AptanaWorkspace/Madison-Student-Apartment-Finder/app/controllers/reviews_controller_controller.rb": [
        1,
        1,
        null,
        null,
        1,
        null,
        null,
        1,
        null,
        null,
        null
      ],
      "/home/eggum/AptanaWorkspace/Madison-Student-Apartment-Finder/app/controllers/sessions_controller.rb": [
        1,
        1,
        8,
        null,
        null,
        1,
        11,
        null,
        11,
        5,
        5,
        5,
        null,
        6,
        0,
        0,
        null,
        6,
        6,
        null,
        null,
        null,
        null,
        1,
        2,
        2,
        null,
        null,
        null
      ],
      "/home/eggum/AptanaWorkspace/Madison-Student-Apartment-Finder/app/controllers/users_controller.rb": [
        1,
        1,
        1,
        1,
        null,
        1,
        null,
        1,
        4,
        4,
        null,
        null,
        1,
        3,
        3,
        null,
        null,
        1,
        7,
        7,
        null,
        null,
        1,
        0,
        0,
        0,
        null,
        null,
        null,
        1,
        7,
        7,
        4,
        4,
        4,
        null,
        3,
        3,
        null,
        null,
        null,
        1,
        3,
        null,
        null,
        1,
        4,
        4,
        2,
        2,
        null,
        2,
        2,
        null,
        null,
        null,
        1,
        2,
        2,
        2,
        null,
        null,
        1,
        null,
        1,
        18,
        null,
        null,
        1,
        7,
        null,
        7,
        null,
        null,
        1,
        3,
        null,
        null,
        1,
        0,
        null,
        null,
        1,
        0,
        null,
        null,
        null,
        null
      ]
    },
    "timestamp": 1334129115
  }
}
